

times in msec
 clock   self+sourced   self:  sourced script
 clock   elapsed:              other lines

000.036  000.036: --- NVIM STARTING ---
022.554  022.518: locale set
023.589  001.034: inits 1
023.885  000.296: window checked
029.139  005.254: parsing arguments
029.275  000.136: expanding arguments
029.371  000.096: inits 2
032.824  003.453: init highlight
032.832  000.008: waiting for UI
036.874  004.042: done waiting for UI
036.915  000.041: init screen for UI
036.958  000.043: init default mappings
038.012  001.055: init default autocommands
043.737  002.913  002.913: sourcing C:\Users\erizo\AppData\Local\nvim-data\site\autoload\plug.vim
087.599  000.109  000.109: sourcing C:\Users\erizo\.neovim\plugins\nvim-treesitter\ftdetect\cooklang.vim
087.909  000.093  000.093: sourcing C:\Users\erizo\.neovim\plugins\nvim-treesitter\ftdetect\fusion.vim
088.230  000.115  000.115: sourcing C:\Users\erizo\.neovim\plugins\nvim-treesitter\ftdetect\gdresource.vim
088.523  000.091  000.091: sourcing C:\Users\erizo\.neovim\plugins\nvim-treesitter\ftdetect\gdscript.vim
088.818  000.094  000.094: sourcing C:\Users\erizo\.neovim\plugins\nvim-treesitter\ftdetect\glimmer.vim
089.108  000.091  000.091: sourcing C:\Users\erizo\.neovim\plugins\nvim-treesitter\ftdetect\glsl.vim
089.407  000.102  000.102: sourcing C:\Users\erizo\.neovim\plugins\nvim-treesitter\ftdetect\gowork.vim
089.706  000.100  000.100: sourcing C:\Users\erizo\.neovim\plugins\nvim-treesitter\ftdetect\graphql.vim
090.024  000.118  000.118: sourcing C:\Users\erizo\.neovim\plugins\nvim-treesitter\ftdetect\hack.vim
090.373  000.151  000.151: sourcing C:\Users\erizo\.neovim\plugins\nvim-treesitter\ftdetect\hcl.vim
090.669  000.096  000.096: sourcing C:\Users\erizo\.neovim\plugins\nvim-treesitter\ftdetect\heex.vim
090.963  000.096  000.096: sourcing C:\Users\erizo\.neovim\plugins\nvim-treesitter\ftdetect\hjson.vim
091.263  000.104  000.104: sourcing C:\Users\erizo\.neovim\plugins\nvim-treesitter\ftdetect\json5.vim
091.570  000.106  000.106: sourcing C:\Users\erizo\.neovim\plugins\nvim-treesitter\ftdetect\ledger.vim
091.870  000.101  000.101: sourcing C:\Users\erizo\.neovim\plugins\nvim-treesitter\ftdetect\nix.vim
092.168  000.100  000.100: sourcing C:\Users\erizo\.neovim\plugins\nvim-treesitter\ftdetect\prisma.vim
092.475  000.104  000.104: sourcing C:\Users\erizo\.neovim\plugins\nvim-treesitter\ftdetect\pug.vim
092.774  000.104  000.104: sourcing C:\Users\erizo\.neovim\plugins\nvim-treesitter\ftdetect\ql.vim
093.089  000.120  000.120: sourcing C:\Users\erizo\.neovim\plugins\nvim-treesitter\ftdetect\query.vim
093.391  000.104  000.104: sourcing C:\Users\erizo\.neovim\plugins\nvim-treesitter\ftdetect\surface.vim
093.692  000.104  000.104: sourcing C:\Users\erizo\.neovim\plugins\nvim-treesitter\ftdetect\teal.vim
093.995  000.106  000.106: sourcing C:\Users\erizo\.neovim\plugins\nvim-treesitter\ftdetect\tlaplus.vim
094.302  000.106  000.106: sourcing C:\Users\erizo\.neovim\plugins\nvim-treesitter\ftdetect\yang.vim
096.097  025.372  022.955: sourcing C:\tools\neovim\Neovim\share\nvim\runtime\filetype.vim
097.206  000.139  000.139: sourcing C:\tools\neovim\Neovim\share\nvim\runtime\ftplugin.vim
098.302  000.125  000.125: sourcing C:\tools\neovim\Neovim\share\nvim\runtime\indent.vim
099.898  000.209  000.209: sourcing C:\tools\neovim\Neovim\share\nvim\runtime\syntax\synload.vim
100.105  001.359  001.150: sourcing C:\tools\neovim\Neovim\share\nvim\runtime\syntax\syntax.vim
115.239  014.707  014.707: sourcing C:\Users\erizo\.neovim\plugins\challenger-deep\colors\challenger_deep.vim
116.292  000.074  000.074: sourcing C:\tools\neovim\Neovim\share\nvim\runtime\filetype.vim
117.331  000.064  000.064: sourcing C:\tools\neovim\Neovim\share\nvim\runtime\ftplugin.vim
118.343  000.063  000.063: sourcing C:\tools\neovim\Neovim\share\nvim\runtime\indent.vim
194.117  155.313  110.498: sourcing C:\Users\erizo/.config/.vimrc
194.150  155.680  000.367: sourcing C:\Users\erizo\AppData\Local\nvim\init.vim
194.165  000.472: sourcing vimrc file(s)
195.734  000.274  000.274: sourcing C:\Users\erizo\.neovim\plugins\nvim-lspconfig\plugin\lspconfig.vim
196.832  000.296  000.296: sourcing C:\Users\erizo\.neovim\plugins\nvim-lsp-installer\plugin\nvim-lsp-installer.vim
198.727  000.322  000.322: sourcing C:\Users\erizo\.neovim\plugins\vim-airline\autoload\airline\init.vim
200.828  001.087  001.087: sourcing C:\Users\erizo\.neovim\plugins\vim-airline\autoload\airline\parts.vim
201.827  000.120  000.120: sourcing C:\Users\erizo\.neovim\plugins\vim-airline\autoload\airline\formatter\short_path.vim
205.585  000.455  000.455: sourcing C:\Users\erizo\.neovim\plugins\vim-airline\autoload\airline\util.vim
205.759  008.221  006.239: sourcing C:\Users\erizo\.neovim\plugins\vim-airline\plugin\airline.vim
206.593  000.168  000.168: sourcing C:\Users\erizo\.neovim\plugins\vim-airline-themes\plugin\airline-themes.vim
207.627  000.399  000.399: sourcing C:\Users\erizo\.neovim\plugins\vim-commentary\plugin\commentary.vim
210.610  000.228  000.228: sourcing C:\tools\neovim\Neovim\share\nvim\runtime\autoload\provider\pythonx.vim
573.488  000.512  000.512: sourcing C:\tools\neovim\Neovim\share\nvim\runtime\autoload\remote\host.vim
573.747  364.381  363.641: sourcing C:\tools\neovim\Neovim\share\nvim\runtime\autoload\provider\python3.vim
574.804  366.530  002.149: sourcing C:\Users\erizo\.neovim\plugins\vimspector\plugin\vimspector.vim
584.537  000.139  000.139: sourcing C:\Users\erizo\.neovim\plugins\presence.nvim\autoload\presence.vim
593.057  017.575  017.436: sourcing C:\Users\erizo\.neovim\plugins\presence.nvim\plugin\presence.vim
600.286  006.460  006.460: sourcing C:\Users\erizo\.neovim\plugins\nvim-treesitter\plugin\nvim-treesitter.vim
606.407  000.668  000.668: sourcing C:\Users\erizo\.neovim\plugins\vim-vsnip\autoload\vital\vsnip.vim
607.727  000.255  000.255: sourcing C:\Users\erizo\.neovim\plugins\vim-vsnip\autoload\vital\_vsnip\VS\LSP\Position.vim
608.808  000.157  000.157: sourcing C:\Users\erizo\.neovim\plugins\vim-vsnip\autoload\vital\_vsnip.vim
609.457  004.721  003.641: sourcing C:\Users\erizo\.neovim\plugins\vim-vsnip\autoload\vsnip\snippet.vim
610.835  000.354  000.354: sourcing C:\Users\erizo\.neovim\plugins\vim-vsnip\autoload\vital\_vsnip\VS\LSP\TextEdit.vim
612.500  000.346  000.346: sourcing C:\Users\erizo\.neovim\plugins\vim-vsnip\autoload\vital\_vsnip\VS\LSP\Text.vim
614.511  000.315  000.315: sourcing C:\Users\erizo\.neovim\plugins\vim-vsnip\autoload\vital\_vsnip\VS\Vim\Buffer.vim
615.920  000.192  000.192: sourcing C:\Users\erizo\.neovim\plugins\vim-vsnip\autoload\vital\_vsnip\VS\Vim\Option.vim
617.492  000.347  000.347: sourcing C:\Users\erizo\.neovim\plugins\vim-vsnip\autoload\vital\_vsnip\VS\LSP\Diff.vim
617.864  014.117  007.843: sourcing C:\Users\erizo\.neovim\plugins\vim-vsnip\autoload\vsnip\session.vim
618.262  015.566  001.448: sourcing C:\Users\erizo\.neovim\plugins\vim-vsnip\autoload\vsnip.vim
619.225  017.578  002.013: sourcing C:\Users\erizo\.neovim\plugins\vim-vsnip\plugin\vsnip.vim
622.997  000.673  000.673: sourcing C:\tools\neovim\Neovim\share\nvim\runtime\plugin\gzip.vim
623.461  000.176  000.176: sourcing C:\tools\neovim\Neovim\share\nvim\runtime\plugin\health.vim
624.250  000.422  000.422: sourcing C:\tools\neovim\Neovim\share\nvim\runtime\plugin\man.vim
629.535  000.782  000.782: sourcing C:\tools\neovim\Neovim\share\nvim\runtime\pack\dist\opt\matchit\plugin\matchit.vim
630.090  005.475  004.693: sourcing C:\tools\neovim\Neovim\share\nvim\runtime\plugin\matchit.vim
630.807  000.448  000.448: sourcing C:\tools\neovim\Neovim\share\nvim\runtime\plugin\matchparen.vim
632.205  001.140  001.140: sourcing C:\tools\neovim\Neovim\share\nvim\runtime\plugin\netrwPlugin.vim
633.357  000.856  000.856: sourcing C:\tools\neovim\Neovim\share\nvim\runtime\plugin\rplugin.vim
633.867  000.266  000.266: sourcing C:\tools\neovim\Neovim\share\nvim\runtime\plugin\shada.vim
634.255  000.135  000.135: sourcing C:\tools\neovim\Neovim\share\nvim\runtime\plugin\spellfile.vim
634.887  000.365  000.365: sourcing C:\tools\neovim\Neovim\share\nvim\runtime\plugin\tarPlugin.vim
635.454  000.325  000.325: sourcing C:\tools\neovim\Neovim\share\nvim\runtime\plugin\tohtml.vim
635.982  000.148  000.148: sourcing C:\tools\neovim\Neovim\share\nvim\runtime\plugin\tutor.vim
636.637  000.403  000.403: sourcing C:\tools\neovim\Neovim\share\nvim\runtime\plugin\zipPlugin.vim
646.263  006.293  006.293: sourcing C:\Users\erizo\.neovim\plugins\nvim-cmp\plugin\cmp.lua
647.901  019.111: loading rtp plugins
648.448  000.547: loading packages
651.438  001.144  001.144: sourcing C:\Users\erizo\.neovim\plugins\cmp-vsnip\after\plugin\cmp_vsnip.vim
652.433  000.276  000.276: sourcing C:\Users\erizo\.neovim\plugins\cmp-nvim-lsp\after\plugin\cmp_nvim_lsp.lua
656.429  003.305  003.305: sourcing C:\Users\erizo\.neovim\plugins\cmp-buffer\after\plugin\cmp_buffer.lua
658.219  001.091  001.091: sourcing C:\Users\erizo\.neovim\plugins\cmp-path\after\plugin\cmp_path.lua
660.094  001.179  001.179: sourcing C:\Users\erizo\.neovim\plugins\cmp-cmdline\after\plugin\cmp_cmdline.lua
660.420  004.978: loading after plugins
660.474  000.053: inits 3
673.527  013.053: reading ShaDa
759.376  077.906  077.906: sourcing C:\tools\neovim\Neovim\share\nvim\runtime\ftplugin\python.vim
765.276  000.354  000.354: sourcing C:\tools\neovim\Neovim\share\nvim\runtime\indent\python.vim
769.756  001.545  001.545: sourcing C:\tools\neovim\Neovim\share\nvim\runtime\syntax\python.vim
785.259  001.804  001.804: sourcing C:\Users\erizo\.neovim\plugins\vim-airline\autoload\airline\extensions.vim
786.313  000.226  000.226: sourcing C:\Users\erizo\.neovim\plugins\vim-airline\autoload\airline\extensions\quickfix.vim
787.445  000.440  000.440: sourcing C:\Users\erizo\.neovim\plugins\vim-airline\autoload\airline.vim
788.277  000.176  000.176: sourcing C:\Users\erizo\.neovim\plugins\vim-airline\autoload\airline\extensions\netrw.vim
789.934  000.232  000.232: sourcing C:\Users\erizo\.neovim\plugins\vim-airline\autoload\airline\section.vim
791.043  000.488  000.488: sourcing C:\Users\erizo\.neovim\plugins\vim-airline\autoload\airline\highlighter.vim
791.598  002.662  001.942: sourcing C:\Users\erizo\.neovim\plugins\vim-airline\autoload\airline\extensions\term.vim
793.195  000.380  000.380: sourcing C:\Users\erizo\.neovim\plugins\vim-airline\autoload\airline\extensions\whitespace.vim
838.439  000.314  000.314: sourcing C:\Users\erizo\.neovim\plugins\vim-airline\autoload\airline\extensions\wordcount.vim
839.493  000.494  000.494: sourcing C:\Users\erizo\.neovim\plugins\vim-airline\autoload\airline\extensions\tabline.vim
840.315  000.207  000.207: sourcing C:\Users\erizo\.neovim\plugins\vim-airline\autoload\airline\extensions\tabline\autoshow.vim
841.235  000.277  000.277: sourcing C:\Users\erizo\.neovim\plugins\vim-airline\autoload\airline\extensions\tabline\tabs.vim
842.165  000.389  000.389: sourcing C:\Users\erizo\.neovim\plugins\vim-airline\autoload\airline\extensions\tabline\buffers.vim
843.033  000.177  000.177: sourcing C:\Users\erizo\.neovim\plugins\vim-airline\autoload\airline\extensions\keymap.vim
845.315  000.224  000.224: sourcing C:\Users\erizo\.neovim\plugins\vim-airline\autoload\airline\extensions\searchcount.vim
887.379  000.211  000.211: sourcing C:\Users\erizo\.neovim\plugins\vim-airline\autoload\airline\themes.vim
888.029  001.598  001.387: sourcing C:\Users\erizo\.neovim\plugins\challenger-deep\autoload\airline\themes\challenger_deep.vim
930.584  000.979  000.979: sourcing C:\Users\erizo\.neovim\plugins\challenger-deep\autoload\airline\themes\challenger_deep.vim
965.825  000.438  000.438: sourcing C:\Users\erizo\.neovim\plugins\vim-airline\autoload\airline\builder.vim
967.117  000.265  000.265: sourcing C:\Users\erizo\.neovim\plugins\vim-airline\autoload\airline\extensions\default.vim
1016.063  251.682: opening buffers
1016.201  000.138: BufEnter autocommands
1016.210  000.009: editing files in windows
1016.538  000.328: VimEnter autocommands
1016.546  000.007: UIEnter autocommands
1120.842  103.296  103.296: sourcing C:\tools\neovim\Neovim\share\nvim\runtime\autoload\provider\clipboard.vim
1120.876  001.034: before starting main loop
1122.002  000.318  000.318: sourcing C:\Users\erizo\.neovim\plugins\vim-airline\autoload\airline\extensions\tabline\ctrlspace.vim
1122.872  000.290  000.290: sourcing C:\Users\erizo\.neovim\plugins\vim-airline\autoload\airline\extensions\tabline\tabws.vim
1124.196  000.362  000.362: sourcing C:\Users\erizo\.neovim\plugins\vim-airline\autoload\airline\extensions\tabline\builder.vim
1125.057  000.230  000.230: sourcing C:\Users\erizo\.neovim\plugins\vim-airline\autoload\airline\extensions\tabline\buflist.vim
1129.755  000.197  000.197: sourcing C:\Users\erizo\.neovim\plugins\vim-airline\autoload\airline\extensions\tabline\formatters\default.vim
1174.839  052.567: first screen update
1174.850  000.010: --- NVIM STARTED ---
